***  Installation Started 06/22/2007 21:22  ***
Title: 文件夹图标精灵3.0 Installation
Source: D:\固定空间\ZhengTu-1.05-0605\FolderIconChanger3.EXE | 06-22-2007 | 21:21:44 | 1202222
Made Dir: C:\Program Files\文件夹图标精灵3.0
File Copy: C:\Program Files\文件夹图标精灵3.0\FolderIconChanger.exe | 07-25-2004 | 13:11:46 | | 872448 | fbcd7acf
File Copy: C:\Program Files\文件夹图标精灵3.0\Setup.ini | 07-18-2004 | 23:55:20 | | 31 | f5b8485d
File Copy: C:\Program Files\文件夹图标精灵3.0\Folder.ico | 07-07-2004 | 21:19:20 | | 3262 | 511d4b
File Copy: C:\Program Files\文件夹图标精灵3.0\Desktop.ini | 07-18-2004 | 23:23:58 | | 66 | ad193966
File Copy: C:\Program Files\文件夹图标精灵3.0\2004_7_18_16_0_55.ico | 07-18-2004 | 16:00:56 | | 3262 | b6b1b0f4
Made Dir: C:\Program Files\文件夹图标精灵3.0\精选图标
File Copy: C:\Program Files\文件夹图标精灵3.0\精选图标\2004_7_18_10_25_28.ico | 07-18-2004 | 10:25:30 | | 3262 | c1e5023
File Copy: C:\Program Files\文件夹图标精灵3.0\精选图标\2004_7_18_15_58_10.ico | 07-18-2004 | 15:58:12 | | 3262 | 11c6b896
File Copy: C:\Program Files\文件夹图标精灵3.0\精选图标\Animal14.ico | 10-10-1997 | 21:39:26 | | 766 | 7fe3b215
File Copy: C:\Program Files\文件夹图标精灵3.0\精选图标\Animal24.ico | 10-10-1997 | 21:39:26 | | 766 | 84570426
File Copy: C:\Program Files\文件夹图标精灵3.0\精选图标\2004_7_18_15_59_7.ico | 07-18-2004 | 15:59:08 | | 3262 | 4f2e4b51
File Copy: C:\Program Files\文件夹图标精灵3.0\精选图标\Amc Ini.ico | 01-19-2000 | 11:24:24 | | 4150 | 8f8c74bf
File Copy: C:\Program Files\文件夹图标精灵3.0\精选图标\02.ico | 03-07-2000 | 20:24:28 | | 2238 | 5be3767f
File Copy: C:\Program Files\文件夹图标精灵3.0\精选图标\03.ico | 03-07-2000 | 20:24:32 | | 2238 | 5e6338dc
File Copy: C:\Program Files\文件夹图标精灵3.0\精选图标\05 - tasks.ico | 12-31-2000 | 19:44:56 | | 2238 | 39052cb6
File Copy: C:\Program Files\文件夹图标精灵3.0\精选图标\08.ico | 03-07-2000 | 20:24:44 | | 2238 | e01a4d2b
File Copy: C:\Program Files\文件夹图标精灵3.0\精选图标\09 - Unused.ico | 12-31-2000 | 19:45:10 | | 2238 | b85b9716
File Copy: C:\Program Files\文件夹图标精灵3.0\精选图标\09.ico | 03-07-2000 | 20:25:02 | | 2238 | 53e9330a
File Copy: C:\Program Files\文件夹图标精灵3.0\精选图标\10.ico | 03-07-2000 | 20:25:04 | | 2238 | e0f8a945
File Copy: C:\Program Files\文件夹图标精灵3.0\精选图标\11 - downlaoded program files.ico | 12-31-2000 | 19:45:16 | | 2238 | ca138fcf
File Copy: C:\Program Files\文件夹图标精灵3.0\精选图标\11.ico | 03-07-2000 | 20:25:06 | | 2238 | 9980f980
File Copy: C:\Program Files\文件夹图标精灵3.0\精选图标\ali_cdrom.ico | 12-03-1999 | 00:30:12 | | 3691 | a6fb67aa
File Copy: C:\Program Files\文件夹图标精灵3.0\精选图标\ali_help.ico | 11-30-1999 | 20:57:44 | | 3691 | 67ba2bb6
File Copy: C:\Program Files\文件夹图标精灵3.0\精选图标\ali_setting.ico | 12-02-1999 | 09:52:42 | | 3691 | 18c8f1cc
File Copy: C:\Program Files\文件夹图标精灵3.0\精选图标\01.ico | 03-07-2000 | 20:24:26 | | 2238 | b7971d3d
File Copy: C:\Program Files\文件夹图标精灵3.0\精选图标\Amc Pdr.ico | 02-14-2000 | 00:05:22 | | 3262 | c847fa71
File Copy: C:\Program Files\文件夹图标精灵3.0\精选图标\Amc Png.ico | 02-14-2000 | 00:20:34 | | 4150 | a661c753
File Copy: C:\Program Files\文件夹图标精灵3.0\精选图标\smells-good.ico | 05-22-2000 | 18:57:04 | | 2998 | 9cfb035f
File Copy: C:\Program Files\文件夹图标精灵3.0\精选图标\Platinum Settings - Printers.ico | 03-16-1999 | 21:43:32 | | 2238 | 70831c52
File Copy: C:\Program Files\文件夹图标精灵3.0\精选图标\Print006.ico | 10-10-1997 | 21:36:02 | | 766 | 95d85b09
File Copy: C:\Program Files\文件夹图标精灵3.0\精选图标\Print007.ico | 10-10-1997 | 21:36:02 | | 766 | f992529c
File Copy: C:\Program Files\文件夹图标精灵3.0\精选图标\Print008.ico | 10-10-1997 | 21:36:02 | | 766 | 176bd851
File Copy: C:\Program Files\文件夹图标精灵3.0\精选图标\Print009.ico | 10-10-1997 | 21:36:02 | | 766 | e2ca8e13
File Copy: C:\Program Files\文件夹图标精灵3.0\精选图标\Print010.ico | 10-10-1997 | 21:36:02 | | 766 | c7156550
File Copy: C:\Program Files\文件夹图标精灵3.0\精选图标\Print011.ico | 10-10-1997 | 21:36:02 | | 766 | f4f9d8
File Copy: C:\Program Files\文件夹图标精灵3.0\精选图标\Print012.ico | 10-10-1997 | 21:36:02 | | 766 | 5ab1a5a9
File Copy: C:\Program Files\文件夹图标精灵3.0\精选图标\Print013.ico | 10-10-1997 | 21:36:02 | | 766 | c9552937
File Copy: C:\Program Files\文件夹图标精灵3.0\精选图标\Print014.ico | 10-10-1997 | 21:36:02 | | 766 | aac6c9f
File Copy: C:\Program Files\文件夹图标精灵3.0\精选图标\Platinum Open Folder.ico | 03-16-1999 | 21:42:26 | | 2238 | b93123ed
File Copy: C:\Program Files\文件夹图标精灵3.0\精选图标\Strawberry.ico | 05-20-2000 | 22:30:56 | | 4710 | 432e7cfd
File Copy: C:\Program Files\文件夹图标精灵3.0\精选图标\Susie.ico | 04-12-1998 | 07:40:50 | | 2238 | 3ec5e4f9
File Copy: C:\Program Files\文件夹图标精灵3.0\精选图标\Arteest.ico | 02-08-1999 | 16:13:46 | | 766 | d57b733a
File Copy: C:\Program Files\文件夹图标精灵3.0\精选图标\Astro.ico | 04-29-1999 | 16:26:14 | | 4710 | d02a138f
File Copy: C:\Program Files\文件夹图标精灵3.0\精选图标\B Happy.ico | 02-08-1999 | 16:13:46 | | 766 | b221b23e
File Copy: C:\Program Files\文件夹图标精灵3.0\精选图标\Baby Eugene.ico | 02-08-1999 | 16:13:46 | | 766 | bcbed3b7
File Copy: C:\Program Files\文件夹图标精灵3.0\精选图标\Bandit.ico | 03-21-1999 | 14:53:04 | | 4710 | a6576952
File Copy: C:\Program Files\文件夹图标精灵3.0\精选图标\Benny.ico | 04-09-1999 | 19:11:54 | | 4710 | 7df56d32
File Copy: C:\Program Files\文件夹图标精灵3.0\精选图标\Brain.ico | 04-09-1999 | 19:11:54 | | 4710 | 29137077
File Copy: C:\Program Files\文件夹图标精灵3.0\精选图标\Cherub.ico | 02-08-1999 | 16:13:46 | | 766 | e6b61a04
File Copy: C:\Program Files\文件夹图标精灵3.0\精选图标\ChooChoo.ico | 04-09-1999 | 19:11:54 | | 4710 | 1baf0802
File Copy: C:\Program Files\文件夹图标精灵3.0\精选图标\Dipple.ico | 04-09-1999 | 19:11:54 | | 4710 | 801980c4
File Copy: C:\Program Files\文件夹图标精灵3.0\精选图标\Dr.Quest.ico | 03-21-1999 | 14:52:58 | | 4710 | 5348dc05
File Copy: C:\Program Files\文件夹图标精灵3.0\精选图标\Elroy.ico | 04-29-1999 | 16:26:14 | | 4710 | 2e3cd5ff
File Copy: C:\Program Files\文件夹图标精灵3.0\精选图标\Fancy.ico | 04-09-1999 | 19:11:54 | | 4710 | 2323f092
File Copy: C:\Program Files\文件夹图标精灵3.0\精选图标\George.ico | 04-29-1999 | 16:26:10 | | 4710 | 257db0cc
File Copy: C:\Program Files\文件夹图标精灵3.0\精选图标\Goddess Maureen.ico | 02-08-1999 | 16:13:46 | | 766 | 2fbdc02d
File Copy: C:\Program Files\文件夹图标精灵3.0\精选图标\Hadji.ico | 03-21-1999 | 14:53:04 | | 4710 | d337a135
File Copy: C:\Program Files\文件夹图标精灵3.0\精选图标\Jane.ico | 04-29-1999 | 16:26:10 | | 4710 | 1a24cfc9
File Copy: C:\Program Files\文件夹图标精灵3.0\精选图标\Jonny.ico | 03-21-1999 | 14:52:58 | | 4710 | 340daff1
File Copy: C:\Program Files\文件夹图标精灵3.0\精选图标\Judy.ico | 04-29-1999 | 16:26:10 | | 4710 | 8eed5320
File Copy: C:\Program Files\文件夹图标精灵3.0\精选图标\Kitty.ico | 02-08-1999 | 16:13:46 | | 766 | 5e4c9f0f
File Copy: C:\Program Files\文件夹图标精灵3.0\精选图标\Quest.ico | 03-21-1999 | 14:53:04 | | 4710 | 4feebddb
File Copy: C:\Program Files\文件夹图标精灵3.0\精选图标\Race.ico | 03-21-1999 | 14:53:04 | | 4710 | 8a35cdae
File Copy: C:\Program Files\文件夹图标精灵3.0\精选图标\Rosie.ico | 04-29-1999 | 16:26:14 | | 4710 | c506b1da
File Copy: C:\Program Files\文件夹图标精灵3.0\精选图标\Spook.ico | 04-09-1999 | 19:11:54 | | 4710 | 2a0b4f5
File Copy: C:\Program Files\文件夹图标精灵3.0\精选图标\Tom Cat.ico | 02-08-1999 | 16:13:46 | | 766 | 926f1c04
File Copy: C:\Program Files\文件夹图标精灵3.0\精选图标\Top Cat.ico | 04-09-1999 | 19:11:54 | | 4710 | 38c48426
File Copy: C:\Program Files\文件夹图标精灵3.0\精选图标\8.ico | 11-06-2000 | 21:53:50 | | 2238 | bca13256
File Copy: C:\Program Files\文件夹图标精灵3.0\精选图标\22.ico | 05-10-1998 | 15:14:40 | | 2238 | a5ce4f77
File Copy: C:\Program Files\文件夹图标精灵3.0\精选图标\7.ico | 11-06-2000 | 21:53:28 | | 2238 | 961a98e
File Copy: C:\Program Files\文件夹图标精灵3.0\精选图标\2.ico | 11-06-2000 | 21:53:32 | | 2238 | fe1d81d2
File Copy: C:\Program Files\文件夹图标精灵3.0\精选图标\Animal04.ico | 10-10-1997 | 21:39:26 | | 766 | 248bc9ac
File Copy: C:\Program Files\文件夹图标精灵3.0\精选图标\Animal12.ico | 10-10-1997 | 21:39:26 | | 766 | 9b046708
File Copy: C:\Program Files\文件夹图标精灵3.0\精选图标\Butterfly.ico | 12-03-2000 | 21:25:40 | | 2238 | 980c9d70
File Copy: C:\Program Files\文件夹图标精灵3.0\精选图标\cat1.ico | 08-02-1997 | 11:48:24 | | 2238 | 7d18f438
File Copy: C:\Program Files\文件夹图标精灵3.0\精选图标\cat2.ico | 08-02-1997 | 11:58:30 | | 2238 | f1c94478
File Copy: C:\Program Files\文件夹图标精灵3.0\精选图标\chimpanzee.ico | 11-08-2000 | 21:52:30 | | 2238 | 7944cd53
File Copy: C:\Program Files\文件夹图标精灵3.0\精选图标\Cicada.ico | 12-03-2000 | 21:24:46 | | 2238 | 55ed6595
File Copy: C:\Program Files\文件夹图标精灵3.0\精选图标\Data.ico | 07-04-1996 | 12:00:00 | | 2238 | 8b8a2eb1
File Copy: C:\Program Files\文件夹图标精灵3.0\精选图标\Garden Pansy Orange.ico | 07-15-2000 | 16:26:12 | | 2238 | 20b60035
File Copy: C:\Program Files\文件夹图标精灵3.0\精选图标\Garden Pansy Yellow.ico | 07-15-2000 | 16:26:24 | | 2238 | 81cb4096
File Copy: C:\Program Files\文件夹图标精灵3.0\精选图标\Geranium Yesonense V. Nipponicum.ico | 07-15-2000 | 16:26:54 | | 2238 | af2f82a5
File Copy: C:\Program Files\文件夹图标精灵3.0\精选图标\Geum Pentapetalum.ico | 07-15-2000 | 16:26:58 | | 2238 | 288ae3e8
File Copy: C:\Program Files\文件夹图标精灵3.0\精选图标\grslk.ico | 10-26-1997 | 13:09:46 | | 2238 | f3c84653
File Copy: C:\Program Files\文件夹图标精灵3.0\精选图标\Hosta Undulata.ico | 07-15-2000 | 16:27:16 | | 2238 | 19205c27
File Copy: C:\Program Files\文件夹图标精灵3.0\精选图标\Hydrangea Pink.ico | 07-15-2000 | 16:27:36 | | 2238 | fbe3641f
File Copy: C:\Program Files\文件夹图标精灵3.0\精选图标\icon_maro23.ico | 05-24-2001 | 18:16:26 | | 2238 | 91a83f8
File Copy: C:\Program Files\文件夹图标精灵3.0\精选图标\icon_maro25.ico | 05-24-2001 | 18:15:54 | | 2238 | 2880baab
File Copy: C:\Program Files\文件夹图标精灵3.0\精选图标\icon_maro27.ico | 05-23-2001 | 18:39:46 | | 2238 | 8893269d
File Copy: C:\Program Files\文件夹图标精灵3.0\精选图标\icon_maro28.ico | 05-23-2001 | 18:39:00 | | 2238 | db7441af
File Copy: C:\Program Files\文件夹图标精灵3.0\精选图标\icon_maro31.ico | 05-24-2001 | 18:16:46 | | 2238 | c24e4200
File Copy: C:\Program Files\文件夹图标精灵3.0\精选图标\iori.ico | 04-07-1999 | 11:02:16 | | 3638 | e39a2a40
File Copy: C:\Program Files\文件夹图标精灵3.0\精选图标\kori-pannda.ico | 05-10-1998 | 15:14:40 | | 2238 | 21520d81
File Copy: C:\Program Files\文件夹图标精灵3.0\精选图标\L206.ico | 10-28-2000 | 18:16:42 | | 2238 | 71c92891
File Copy: C:\Program Files\文件夹图标精灵3.0\精选图标\L207.ico | 10-28-2000 | 18:18:30 | | 2238 | 18145a0f
File Copy: C:\Program Files\文件夹图标精灵3.0\精选图标\L208.ico | 10-28-2000 | 18:20:42 | | 2238 | 4bd74078
File Copy: C:\Program Files\文件夹图标精灵3.0\精选图标\L209.ico | 10-28-2000 | 18:24:06 | | 2238 | 2e36802
File Copy: C:\Program Files\文件夹图标精灵3.0\精选图标\L5.ico | 10-21-2000 | 21:35:48 | | 2238 | c3fb4a07
File Copy: C:\Program Files\文件夹图标精灵3.0\精选图标\L9.ico | 10-21-2000 | 21:36:30 | | 2238 | 926671f5
File Copy: C:\Program Files\文件夹图标精灵3.0\精选图标\Ladybug.ico | 12-03-2000 | 21:23:42 | | 2238 | a636752b
File Copy: C:\Program Files\文件夹图标精灵3.0\精选图标\Lilium Maculatum.ico | 07-15-2000 | 16:28:14 | | 2238 | 1c04b4ef
File Copy: C:\Program Files\文件夹图标精灵3.0\精选图标\lion male.ico | 11-06-2000 | 21:54:28 | | 2238 | 81918d85
File Copy: C:\Program Files\文件夹图标精灵3.0\精选图标\Lysichiton Camtschatcense.ico | 07-15-2000 | 16:28:34 | | 2238 | 44d24694
File Copy: C:\Program Files\文件夹图标精灵3.0\精选图标\m_kuma_b.ico | 11-12-1998 | 01:42:22 | | 2238 | 25975a80
File Copy: C:\Program Files\文件夹图标精灵3.0\精选图标\Magnolia Liliflora.ico | 07-15-2000 | 16:28:46 | | 2238 | f6e22979
File Copy: C:\Program Files\文件夹图标精灵3.0\精选图标\Magnolia Parviflora.ico | 07-15-2000 | 16:28:50 | | 2238 | 6f0e119c
File Copy: C:\Program Files\文件夹图标精灵3.0\精选图标\Malus Halliana.ico | 07-15-2000 | 16:28:56 | | 2238 | 115279af
File Copy: C:\Program Files\文件夹图标精灵3.0\精选图标\Mantis.ico | 12-03-2000 | 21:23:48 | | 2238 | 7f526601
File Copy: C:\Program Files\文件夹图标精灵3.0\精选图标\Mimulus Sessilifolius.ico | 07-15-2000 | 16:29:20 | | 2238 | b436c3bd
File Copy: C:\Program Files\文件夹图标精灵3.0\精选图标\Monarch.ico | 12-03-2000 | 21:26:04 | | 2238 | 6f1babc2
File Copy: C:\Program Files\文件夹图标精灵3.0\精选图标\Narcissus.ico | 07-15-2000 | 16:29:36 | | 2238 | adcc4d6a
File Copy: C:\Program Files\文件夹图标精灵3.0\精选图标\Neighbor0011.ICO | 04-19-1999 | 23:33:56 | | 5222 | 1c4b2bd6
File Copy: C:\Program Files\文件夹图标精灵3.0\精选图标\Orange Sulfur.ico | 02-13-2001 | 16:24:48 | | 2238 | a553233c
File Copy: C:\Program Files\文件夹图标精灵3.0\精选图标\pinkrose.ico | 11-12-1998 | 04:26:44 | | 2238 | bd78926e
File Copy: C:\Program Files\文件夹图标精灵3.0\精选图标\Potentilla Fragarioides v-major.ico | 07-15-2000 | 16:30:34 | | 2238 | 19c4b4e7
File Copy: C:\Program Files\文件夹图标精灵3.0\精选图标\pp_usa.ico | 11-09-1998 | 00:59:24 | | 2238 | 76569d62
File Copy: C:\Program Files\文件夹图标精灵3.0\精选图标\Recycled Empty.ico | 01-22-1999 | 11:00:36 | | 2238 | d7994af3
File Copy: C:\Program Files\文件夹图标精灵3.0\精选图标\rhino1.ico | 11-06-2000 | 21:54:32 | | 2238 | ca18ecff
File Copy: C:\Program Files\文件夹图标精灵3.0\精选图标\rhino2.ico | 11-06-2000 | 21:54:36 | | 2238 | bdd32d9b
File Copy: C:\Program Files\文件夹图标精灵3.0\精选图标\Rhododendron Metternichii.ico | 07-15-2000 | 16:31:00 | | 2238 | 5908f7a1
File Copy: C:\Program Files\文件夹图标精灵3.0\精选图标\snopbuny.ico | 09-10-1997 | 09:18:04 | | 3774 | bf000c7b
File Copy: C:\Program Files\文件夹图标精灵3.0\精选图标\snopcard.ico | 09-10-1997 | 09:11:26 | | 2238 | ca34c142
File Copy: C:\Program Files\文件夹图标精灵3.0\精选图标\Sonic 4.ico | 01-22-1999 | 11:02:18 | | 2238 | 29289947
File Copy: C:\Program Files\文件夹图标精灵3.0\精选图标\Sonic 5.ico | 01-22-1999 | 11:02:24 | | 2998 | 76a6b8df
File Copy: C:\Program Files\文件夹图标精灵3.0\精选图标\sparrow1.ico | 08-20-1997 | 20:15:56 | | 2238 | 2639fe21
File Copy: C:\Program Files\文件夹图标精灵3.0\精选图标\sparrow3.ico | 08-20-1997 | 20:49:02 | | 2238 | feac460b
File Copy: C:\Program Files\文件夹图标精灵3.0\精选图标\Spider.ico | 12-03-2000 | 21:24:16 | | 2238 | 76b4213a
File Copy: C:\Program Files\文件夹图标精灵3.0\精选图标\Spiraea Laponica.ico | 07-15-2000 | 16:32:00 | | 2238 | 40ba204d
File Copy: C:\Program Files\文件夹图标精灵3.0\精选图标\Thetulips0003.ICO | 08-06-1999 | 12:20:36 | | 5222 | 66287382
File Copy: C:\Program Files\文件夹图标精灵3.0\精选图标\Thetulips0004.ICO | 08-06-1999 | 12:20:36 | | 5222 | 8e841769
File Copy: C:\Program Files\文件夹图标精灵3.0\精选图标\Thetulips0005.ICO | 08-06-1999 | 12:20:36 | | 5222 | c84e0498
File Copy: C:\Program Files\文件夹图标精灵3.0\精选图标\Thetulips0009.ICO | 08-06-1999 | 12:20:36 | | 5222 | 47603c9b
File Copy: C:\Program Files\文件夹图标精灵3.0\精选图标\Tipgn34.ico | 07-29-2000 | 20:30:12 | | 766 | 5fdeff7d
File Copy: C:\Program Files\文件夹图标精灵3.0\精选图标\Tipgn36.ico | 07-29-2000 | 20:30:20 | | 766 | 737053f4
File Copy: C:\Program Files\文件夹图标精灵3.0\精选图标\tree15s.ico | 06-23-1999 | 22:48:58 | | 766 | 905b8565
File Copy: C:\Program Files\文件夹图标精灵3.0\精选图标\tree16.ico | 06-23-1999 | 20:53:10 | | 766 | 2267a8
File Copy: C:\Program Files\文件夹图标精灵3.0\精选图标\tree1a.ico | 06-23-1999 | 22:49:34 | | 766 | 513e2ace
File Copy: C:\Program Files\文件夹图标精灵3.0\精选图标\Twist Wing.ico | 12-03-2000 | 21:25:28 | | 2238 | afdc3ec6
File Copy: C:\Program Files\文件夹图标精灵3.0\精选图标\Typha Latifolia.ico | 07-15-2000 | 16:32:36 | | 2238 | 87694db
File Copy: C:\Program Files\文件夹图标精灵3.0\精选图标\ub_26.ico | 05-15-2000 | 10:39:56 | | 766 | f4519f32
File Copy: C:\Program Files\文件夹图标精灵3.0\精选图标\ub_51.ico | 05-12-2000 | 10:27:00 | | 766 | 284c80e6
File Copy: C:\Program Files\文件夹图标精灵3.0\精选图标\Veiled Chameleon.ico | 12-27-1996 | 10:00:10 | | 2238 | 3a3635ad
File Copy: C:\Program Files\文件夹图标精灵3.0\精选图标\Veratrum Stamineum.ico | 07-15-2000 | 16:32:56 | | 2238 | a449358
File Copy: C:\Program Files\文件夹图标精灵3.0\精选图标\Veronica Perica.ico | 07-15-2000 | 16:33:00 | | 2238 | 3cbb69a6
File Copy: C:\Program Files\文件夹图标精灵3.0\精选图标\Veronica Rotunda V-Petiolata.ico | 07-15-2000 | 16:33:04 | | 2238 | 8ff2e623
File Copy: C:\Program Files\文件夹图标精灵3.0\精选图标\Veronicastrum Sibiricum.ico | 07-15-2000 | 16:33:14 | | 2238 | 3730a976
File Copy: C:\Program Files\文件夹图标精灵3.0\精选图标\zebra.ico | 11-06-2000 | 21:54:46 | | 2238 | a2a6dcb6
File Copy: C:\Program Files\文件夹图标精灵3.0\精选图标\Administrative Tools.ico | 08-12-2001 | 15:25:46 | | 12390 | b5aff400
File Copy: C:\Program Files\文件夹图标精灵3.0\精选图标\CarvingTool.ico | 05-21-2000 | 13:37:36 | | 4710 | 5a44af54
File Copy: C:\Program Files\文件夹图标精灵3.0\精选图标\devtool.ico | 05-16-2001 | 17:38:18 | | 3774 | dc7de1e0
File Copy: C:\Program Files\文件夹图标精灵3.0\精选图标\iTools.ico | 03-12-2001 | 17:06:06 | | 4710 | cc68165c
File Copy: C:\Program Files\文件夹图标精灵3.0\精选图标\KDE Administrative Tools.ico | 01-18-2001 | 19:44:58 | | 3262 | 9ec00d27
File Copy: C:\Program Files\文件夹图标精灵3.0\精选图标\Mactools.ico | 04-14-1996 | 15:07:12 | | 2238 | ac2f630
File Copy: C:\Program Files\文件夹图标精灵3.0\精选图标\OPENSTEP_EUI Administrative Tools.ico | 10-22-2000 | 15:45:58 | | 18902 | ebe4632
File Copy: C:\Program Files\文件夹图标精灵3.0\精选图标\RazorArt_Ipack Administrative Tools.ico | 02-08-2001 | 14:34:02 | | 7406 | d7a4f5f
File Copy: C:\Program Files\文件夹图标精灵3.0\精选图标\机器猫.ico | 04-10-2001 | 15:20:42 | | 2238 | cc9caa9e
File Copy: C:\Program Files\文件夹图标精灵3.0\精选图标\2004_7_18_10_12_53.ico | 07-18-2004 | 10:12:54 | | 3262 | e324bac
File Copy: C:\Program Files\文件夹图标精灵3.0\精选图标\2004_7_18_10_18_15.ico | 07-18-2004 | 10:18:16 | | 3262 | 90f1d064
File Copy: C:\Program Files\文件夹图标精灵3.0\精选图标\2004_7_18_10_18_50.ico | 07-18-2004 | 10:18:52 | | 3262 | 60e022be
File Copy: C:\Program Files\文件夹图标精灵3.0\精选图标\2004_7_18_10_19_41.ico | 07-18-2004 | 10:19:42 | | 3262 | 4375b2e
File Copy: C:\Program Files\文件夹图标精灵3.0\精选图标\2004_7_18_10_21_7.ico | 07-18-2004 | 10:21:08 | | 3262 | dbbf4f8a
File Copy: C:\Program Files\文件夹图标精灵3.0\精选图标\2004_7_18_10_23_58.ico | 07-18-2004 | 10:24:00 | | 3262 | 8eeb9e46
File Copy: C:\Program Files\文件夹图标精灵3.0\精选图标\2004_7_18_10_24_43.ico | 07-18-2004 | 10:24:44 | | 3262 | 1c1b3e9a
File Copy: C:\Program Files\文件夹图标精灵3.0\精选图标\2004_7_18_16_0_55.ico | 07-18-2004 | 16:00:56 | | 3262 | b6b1b0f4
File Copy: C:\Program Files\文件夹图标精灵3.0\精选图标\2004_7_18_16_10_23.ico | 07-18-2004 | 16:10:24 | | 3262 | 8f96810e
File Copy: C:\Program Files\文件夹图标精灵3.0\精选图标\2004_7_18_16_10_25.ico | 07-18-2004 | 16:10:26 | | 3262 | 8f96810e
File Copy: C:\Program Files\文件夹图标精灵3.0\精选图标\2004_7_18_16_14_8.ico | 07-18-2004 | 16:14:10 | | 3262 | d620cbd6
File Copy: C:\Program Files\文件夹图标精灵3.0\精选图标\2004_7_18_16_8_19.ico | 07-18-2004 | 16:08:20 | | 3262 | 56670258
File Copy: C:\Program Files\文件夹图标精灵3.0\精选图标\2004_7_18_16_8_38.ico | 07-18-2004 | 16:08:40 | | 3262 | 7c9a33d
File Copy: C:\Program Files\文件夹图标精灵3.0\精选图标\2004_7_18_16_9_43.ico | 07-18-2004 | 16:09:44 | | 3262 | 8f96810e
File Copy: C:\Program Files\文件夹图标精灵3.0\精选图标\2004_7_18_3_12_37.ico | 07-18-2004 | 03:12:38 | | 3262 | 4b91b873
File Copy: C:\Program Files\文件夹图标精灵3.0\精选图标\2004_7_18_3_13_25.ico | 07-18-2004 | 03:13:26 | | 3262 | c607ba84
File Copy: C:\Program Files\文件夹图标精灵3.0\精选图标\2004_7_18_3_20_37.ico | 07-18-2004 | 03:20:38 | | 3262 | 1dab15a3
File Copy: C:\Program Files\文件夹图标精灵3.0\精选图标\2004_7_18_3_33_11.ico | 07-18-2004 | 03:33:12 | | 3262 | 21e0a841
File Copy: C:\Program Files\文件夹图标精灵3.0\精选图标\2004_7_18_3_48_24.ico | 07-18-2004 | 03:48:26 | | 3262 | d90b1963
File Copy: C:\Program Files\文件夹图标精灵3.0\精选图标\2004_7_18_3_50_45.ico | 07-18-2004 | 03:50:46 | | 3262 | 8f96810e
File Copy: C:\Program Files\文件夹图标精灵3.0\精选图标\Arthropodicons Folder.ico | 02-01-2001 | 16:14:16 | | 2238 | 416fe2a7
File Copy: C:\Program Files\文件夹图标精灵3.0\精选图标\Block OS HangOn Movie Clip.ico | 11-07-2000 | 16:32:36 | | 4150 | 571abd98
File Copy: C:\Program Files\文件夹图标精灵3.0\精选图标\Cat.ico | 04-10-2001 | 15:40:32 | | 2238 | 96a0bc9e
File Copy: C:\Program Files\文件夹图标精灵3.0\精选图标\Cdmusic.ico | 03-08-1997 | 20:20:22 | | 2238 | 26da5a14
File Copy: C:\Program Files\文件夹图标精灵3.0\精选图标\cs folder1.ico | 08-10-2001 | 15:52:06 | | 4150 | 5077d991
File Copy: C:\Program Files\文件夹图标精灵3.0\精选图标\cs folder2.ico | 08-10-2001 | 15:52:06 | | 3262 | 90b51843
File Copy: C:\Program Files\文件夹图标精灵3.0\精选图标\cs folder3.ico | 08-10-2001 | 15:52:06 | | 3262 | be4e622f
File Copy: C:\Program Files\文件夹图标精灵3.0\精选图标\cs folder4.ico | 08-10-2001 | 15:52:06 | | 4150 | 4b413a80
File Copy: C:\Program Files\文件夹图标精灵3.0\精选图标\cs folder5.ico | 08-10-2001 | 15:52:08 | | 4150 | 2a9bf686
File Copy: C:\Program Files\文件夹图标精灵3.0\精选图标\cs folder6.ico | 08-10-2001 | 15:52:08 | | 4150 | ad1fdc6f
File Copy: C:\Program Files\文件夹图标精灵3.0\精选图标\File-movie.ico | 06-24-1999 | 20:25:44 | | 2238 | 2b059e77
File Copy: C:\Program Files\文件夹图标精灵3.0\精选图标\Futurist_Yellow Movie Clip.ico | 04-14-2001 | 00:58:38 | | 4150 | 7fb33a1b
File Copy: C:\Program Files\文件夹图标精灵3.0\精选图标\movie celluloid.ico | 01-01-2000 | 12:26:26 | | 2238 | 69e9dbb
File Copy: C:\Program Files\文件夹图标精灵3.0\精选图标\Movie Clip.ico | 08-14-2001 | 20:18:10 | | 10134 | ffccb6a5
File Copy: C:\Program Files\文件夹图标精灵3.0\精选图标\Movie File (2).ico | 11-28-1997 | 14:42:44 | | 2238 | 61beae5
File Copy: C:\Program Files\文件夹图标精灵3.0\精选图标\Movie File.ico | 06-21-1999 | 17:06:34 | | 4150 | f73f3b0e
File Copy: C:\Program Files\文件夹图标精灵3.0\精选图标\Movie.ico | 12-14-1996 | 02:32:30 | | 3638 | 5a47989e
File Copy: C:\Program Files\文件夹图标精灵3.0\精选图标\Movie1~1.ico | 01-01-1995 | 00:00:00 | | 766 | ec323939
File Copy: C:\Program Files\文件夹图标精灵3.0\精选图标\Movie2~1.ico | 01-01-1995 | 00:00:00 | | 766 | 1c33f5ee
File Copy: C:\Program Files\文件夹图标精灵3.0\精选图标\Movie4~1.ico | 01-01-1995 | 00:00:00 | | 766 | 68972468
File Copy: C:\Program Files\文件夹图标精灵3.0\精选图标\music instrument.ico | 01-01-2000 | 12:27:08 | | 766 | bb001cae
File Copy: C:\Program Files\文件夹图标精灵3.0\精选图标\Music.ico | 06-19-1996 | 13:14:42 | | 7406 | 46e3e1ee
File Copy: C:\Program Files\文件夹图标精灵3.0\精选图标\music05.ico | 03-27-2000 | 15:40:30 | | 766 | 9924bc5f
File Copy: C:\Program Files\文件夹图标精灵3.0\精选图标\music08.ico | 03-27-2000 | 15:41:12 | | 766 | b16db9d6
File Copy: C:\Program Files\文件夹图标精灵3.0\精选图标\Music1~2.ico | 01-01-1995 | 00:00:00 | | 766 | 6e88dbc9
File Copy: C:\Program Files\文件夹图标精灵3.0\精选图标\Music2~1.ico | 01-01-1995 | 00:00:00 | | 766 | 1babb92f
File Copy: C:\Program Files\文件夹图标精灵3.0\精选图标\Music5.ico | 03-16-2000 | 23:27:28 | | 766 | bc40007a
File Copy: C:\Program Files\文件夹图标精灵3.0\精选图标\Music5~1.ico | 01-01-1995 | 00:00:00 | | 766 | a42be3ab
File Copy: C:\Program Files\文件夹图标精灵3.0\精选图标\Music6~1.ico | 01-01-1995 | 00:00:00 | | 766 | 9ef24056
File Copy: C:\Program Files\文件夹图标精灵3.0\精选图标\Music7.ico | 03-16-2000 | 23:28:18 | | 766 | 47b20b1c
File Copy: C:\Program Files\文件夹图标精灵3.0\精选图标\Music9~1.ico | 01-01-1995 | 00:00:00 | | 766 | c9c25269
File Copy: C:\Program Files\文件夹图标精灵3.0\精选图标\musicm.ico | 11-04-1999 | 20:21:54 | | 6054 | 22e735ad
File Copy: C:\Program Files\文件夹图标精灵3.0\精选图标\People.ico | 03-20-1997 | 23:36:34 | | 2238 | cab3804a
File Copy: C:\Program Files\文件夹图标精灵3.0\精选图标\Quicktime Movies MOV.ico | 12-14-1996 | 04:34:42 | | 3638 | 7557f877
File Copy: C:\Program Files\文件夹图标精灵3.0\精选图标\Sf01.ico | 04-23-2001 | 16:44:04 | | 2238 | cf974260
File Copy: C:\Program Files\文件夹图标精灵3.0\精选图标\Sf02.ico | 04-23-2001 | 16:45:12 | | 2238 | 5b964694
File Copy: C:\Program Files\文件夹图标精灵3.0\精选图标\Sf03.ico | 04-23-2001 | 16:47:54 | | 2238 | cc25dffc
File Copy: C:\Program Files\文件夹图标精灵3.0\精选图标\Sf04.ico | 04-24-2001 | 15:32:34 | | 2238 | 643cf628
File Copy: C:\Program Files\文件夹图标精灵3.0\精选图标\Sf05.ico | 04-24-2001 | 15:33:44 | | 2238 | 339cff51
File Copy: C:\Program Files\文件夹图标精灵3.0\精选图标\Sf06.ico | 04-24-2001 | 15:35:20 | | 2238 | b15e22ad
File Copy: C:\Program Files\文件夹图标精灵3.0\精选图标\Sf07.ico | 04-24-2001 | 15:36:40 | | 2238 | eadd925e
File Copy: C:\Program Files\文件夹图标精灵3.0\精选图标\Sf08.ico | 04-24-2001 | 15:40:58 | | 2238 | eaca836a
File Copy: C:\Program Files\文件夹图标精灵3.0\精选图标\Sf09.ico | 04-24-2001 | 15:39:40 | | 2238 | ff2e69c4
File Copy: C:\Program Files\文件夹图标精灵3.0\精选图标\Sf10.ico | 04-24-2001 | 15:42:22 | | 2238 | ddf36465
File Copy: C:\Program Files\文件夹图标精灵3.0\精选图标\Sf12.ico | 04-24-2001 | 15:43:18 | | 2238 | 68eee46b
File Copy: C:\Program Files\文件夹图标精灵3.0\精选图标\Sf13.ico | 04-24-2001 | 15:45:54 | | 2238 | 18eee581
File Copy: C:\Program Files\文件夹图标精灵3.0\精选图标\Sf14.ico | 04-24-2001 | 15:48:24 | | 10614 | 52a7c24f
File Copy: C:\Program Files\文件夹图标精灵3.0\精选图标\shadedwindows Movie Clip.ico | 11-15-2000 | 21:53:22 | | 1078 | bc30b468
File Copy: C:\Program Files\文件夹图标精灵3.0\精选图标\STUDY.ico | 10-09-1998 | 12:46:08 | | 4710 | 947255a9
File Copy: C:\Program Files\文件夹图标精灵3.0\精选图标\System Apples Movie Clip.ico | 08-21-1999 | 15:44:30 | | 3638 | 7d703a5b
File Copy: C:\Program Files\文件夹图标精灵3.0\精选图标\康夫.ico | 04-10-2001 | 15:22:12 | | 2238 | 4edf6cbb
File Copy: C:\Program Files\文件夹图标精灵3.0\精选图标\toolgrey.ico | 11-04-1999 | 20:21:32 | | 6054 | 936ff336
File Copy: C:\Program Files\文件夹图标精灵3.0\精选图标\toolman.ico | 11-04-1999 | 20:21:12 | | 6054 | 18a588bf
File Copy: C:\Program Files\文件夹图标精灵3.0\精选图标\tools1.ico | 11-04-1999 | 20:21:00 | | 6054 | 274e070b
File Copy: C:\Program Files\文件夹图标精灵3.0\精选图标\Winwood Movie Clip.ico | 12-22-1999 | 22:33:20 | | 7406 | 2eb38d7
File Copy: C:\Program Files\文件夹图标精灵3.0\精选图标\X-Aqua Administrative Tools.ico | 06-04-2000 | 23:30:24 | | 7406 | 5d6e4f26
File Copy: C:\Program Files\文件夹图标精灵3.0\精选图标\X-Aqua Movie Clip.ico | 06-06-2000 | 10:03:54 | | 7406 | 91806cff
File Copy: C:\Program Files\文件夹图标精灵3.0\精选图标\大熊.ico | 04-10-2001 | 15:37:56 | | 2238 | 1d3d757
File Copy: C:\Program Files\文件夹图标精灵3.0\精选图标\关羽.ico | 05-24-2001 | 14:52:00 | | 3262 | b0af11d0
File Copy: C:\Program Files\文件夹图标精灵3.0\精选图标\黄忠.ico | 05-24-2001 | 14:55:24 | | 3262 | 2963f48c
File Copy: C:\Program Files\文件夹图标精灵3.0\精选图标\文件夹电影.ico | 07-07-2004 | 21:33:36 | | 2238 | 5e04a6e0
File Copy: C:\Program Files\文件夹图标精灵3.0\精选图标\小静.ico | 04-10-2001 | 15:23:18 | | 2238 | e4ca6d86
File Copy: C:\Program Files\文件夹图标精灵3.0\精选图标\小强.ico | 04-10-2001 | 15:39:24 | | 2238 | 8f3c53a6
File Copy: C:\Program Files\文件夹图标精灵3.0\精选图标\张飞.ico | 05-24-2001 | 14:53:08 | | 3262 | b4764323
File Copy: C:\Program Files\文件夹图标精灵3.0\精选图标\赵云.ico | 05-24-2001 | 14:54:16 | | 3262 | 3e975cfe
File Copy: C:\Program Files\文件夹图标精灵3.0\精选图标\Folder.ico | 07-07-2004 | 21:19:20 | | 3262 | 511d4b
Made Dir: C:\Program Files\文件夹图标精灵3.0\MyIcons
Shell Link: C:\Documents and Settings\Administrator.WINXP\「开始」菜单\程序\文件夹图标精灵3.0\文件夹图标精灵3.0.lnk
Link Info: C:\Program Files\文件夹图标精灵3.0\FolderIconChanger.exe |  |  | 0 | 1 | 0 | 
Shell Link: C:\Documents and Settings\Administrator.WINXP\桌面\文件夹图标精灵3.0.lnk
Link Info: C:\Program Files\文件夹图标精灵3.0\FolderIconChanger.exe |  |  | 0 | 1 | 0 | 
Shell Link: C:\Documents and Settings\Administrator.WINXP\「开始」菜单\文件夹图标精灵3.0.lnk
Link Info: C:\Program Files\文件夹图标精灵3.0\FolderIconChanger.exe |  |  | 0 | 1 | 0 | 
Shell Link: C:\Documents and Settings\Administrator.WINXP\「开始」菜单\程序\文件夹图标精灵3.0.lnk
Link Info: C:\Program Files\文件夹图标精灵3.0\FolderIconChanger.exe |  |  | 0 | 1 | 0 | 
RegDB Key: Folder\shell\ChangFolderIcon\command
RegDB Val: "C:\PROGRA~1\文件夹~1.0\FolderIconChanger.exe" "%l"
RegDB Key: Folder\shell\ChangFolderIcon
RegDB Val: 文件夹图标精灵(&I)
User Rights: Admin
